[  -27315ms] [VERBOSE] [DOM] Input elements should have autocomplete attributes (suggested: "current-password"): (More info: https://goo.gl/9p2vKq) %o @ https://sauce-demo.myshopify.com/account/login:0
[  -19489ms] [ERROR] Provider's accounts list is empty. @ https://sauce-demo.myshopify.com/account/login:0
[   -2386ms] [WARNING] The resource https://shop.app/pay/assets/sprite.svg was preloaded using link preload but not used within a few seconds from the window's load event. Please make sure it has an appropriate `as` value and it is preloaded intentionally. @ https://shop.app/accounts/pre_auth?client_id=991c38b9-5a81-463d-a935-532717899f45&analytics_trace_id=eedf658e-bb2c-4c2c-b73a-95ae9223c7d9&flow=classic_customer_accounts&flow_version=sign_in&target_origin=https%3A%2F%2Fsauce-demo.myshopify.com&storefront_domain=https%3A%2F%2Fsauce-demo.myshopify.com&scope=openid+email+profile&locale=en:0
[   26814ms] [INFO] Clear-Site-Data header on 'https://sauce-demo.myshopify.com/cart/add.js': Cleared data types: "prefetchCache", "prerenderCache". @ https://sauce-demo.myshopify.com/products/flower-print-jeans:0
[   27010ms] TypeError: Cannot read properties of null (reading 'description')
    at Object.<anonymous> (https://sauce-demo.myshopify.com/cdn/shop/t/2/assets/jquery.theme.js?v=42021284561027497791425319943:1:29646)
    at st.each (https://ajax.googleapis.com/ajax/libs/jquery/1.9.0/jquery.min.js:1:15879)
    at Shopify.onCartUpdate (https://sauce-demo.myshopify.com/cdn/shop/t/2/assets/jquery.theme.js?v=42021284561027497791425319943:1:29440)
    at Object.success (https://sauce-demo.myshopify.com/cdn/shop/t/2/assets/jquery.theme.js?v=42021284561027497791425319943:1:24005)
    at f (https://ajax.googleapis.com/ajax/libs/jquery/1.9.0/jquery.min.js:1:18278)
    at Object.fireWith [as resolveWith] (https://ajax.googleapis.com/ajax/libs/jquery/1.9.0/jquery.min.js:1:19064)
    at r (https://ajax.googleapis.com/ajax/libs/jquery/1.9.0/jquery.min.js:3:16009)
    at XMLHttpRequest.r (https://ajax.googleapis.com/ajax/libs/jquery/1.9.0/jquery.min.js:3:21638)
[   47763ms] [INFO] Clear-Site-Data header on 'https://sauce-demo.myshopify.com/cart': Cleared data types: "prefetchCache", "prerenderCache". @ https://sauce-demo.myshopify.com/cart:0
[   50421ms] [ERROR] Failed to load resource: the server responded with a status of 404 () @ https://sauce-demo.myshopify.com/favicon.ico:0
[   54057ms] [ERROR] Failed to load resource: the server responded with a status of 401 () @ https://sauce-demo.myshopify.com/private_access_tokens?id=3afa65fcb3a7cea193343457d8f53185&checkout_type=c1:0
[   69997ms] [WARNING] Failed to execute action. Retrying in 2061ms. @ https://sauce-demo.myshopify.com/cdn/shopifycloud/checkout-web/assets/c1/dist-vendor.a3kfnPsb.js:7
[   70005ms] [WARNING] Failed to execute action. Retrying in 2061ms. @ https://sauce-demo.myshopify.com/cdn/shopifycloud/checkout-web/assets/c1/dist-vendor.a3kfnPsb.js:7
[   70541ms] [VERBOSE] [DOM] Input elements should have autocomplete attributes (suggested: "current-password"): (More info: https://goo.gl/9p2vKq) %o @ https://sauce-demo.myshopify.com/account/login?checkout_url=%2Fcheckouts%2Fcn%2FhWNAyGd0vKXHu20AX3VDDbdq%2Fen-us%3F_r%3DAQABc5paPKqo4zLPUo9oMF39_EQWGGs60iqkG3oLvsz8%26locale%3Den-US:0
[   71095ms] [ERROR] Not signed in with the identity provider. @ https://sauce-demo.myshopify.com/account/login?checkout_url=%2Fcheckouts%2Fcn%2FhWNAyGd0vKXHu20AX3VDDbdq%2Fen-us%3F_r%3DAQABc5paPKqo4zLPUo9oMF39_EQWGGs60iqkG3oLvsz8%26locale%3Den-US:0
[   72988ms] [LOG] recaptchacompat disabled @ https://js.hcaptcha.com/1/api.js?render=explicit&recaptchacompat=off&onload=__shopify_hcap_load_ygj1klq8:3
[   79430ms] [WARNING] The resource https://shop.app/pay/assets/sprite.svg was preloaded using link preload but not used within a few seconds from the window's load event. Please make sure it has an appropriate `as` value and it is preloaded intentionally. @ https://shop.app/accounts/pre_auth?client_id=991c38b9-5a81-463d-a935-532717899f45&analytics_trace_id=ce633e05-6fdf-478c-b76b-47dfa538196c&flow=classic_customer_accounts&flow_version=sign_in&target_origin=https%3A%2F%2Fsauce-demo.myshopify.com&storefront_domain=https%3A%2F%2Fsauce-demo.myshopify.com&scope=openid+email+profile&locale=en:0
[  371917ms] [INFO] Clear-Site-Data header on 'https://sauce-demo.myshopify.com/cart/change.js': Cleared data types: "prefetchCache", "prerenderCache". @ https://sauce-demo.myshopify.com/collections/frontpage/products/grey-jacket#:0
[  376877ms] [INFO] Clear-Site-Data header on 'https://sauce-demo.myshopify.com/cart/add.js': Cleared data types: "prefetchCache", "prerenderCache". @ https://sauce-demo.myshopify.com/collections/frontpage/products/grey-jacket#:0
[  377134ms] TypeError: Cannot read properties of null (reading 'description')
    at Object.<anonymous> (https://sauce-demo.myshopify.com/cdn/shop/t/2/assets/jquery.theme.js?v=42021284561027497791425319943:1:29646)
    at st.each (https://ajax.googleapis.com/ajax/libs/jquery/1.9.0/jquery.min.js:1:15879)
    at Shopify.onCartUpdate (https://sauce-demo.myshopify.com/cdn/shop/t/2/assets/jquery.theme.js?v=42021284561027497791425319943:1:29440)
    at Object.success (https://sauce-demo.myshopify.com/cdn/shop/t/2/assets/jquery.theme.js?v=42021284561027497791425319943:1:24005)
    at f (https://ajax.googleapis.com/ajax/libs/jquery/1.9.0/jquery.min.js:1:18278)
    at Object.fireWith [as resolveWith] (https://ajax.googleapis.com/ajax/libs/jquery/1.9.0/jquery.min.js:1:19064)
    at r (https://ajax.googleapis.com/ajax/libs/jquery/1.9.0/jquery.min.js:3:16009)
    at XMLHttpRequest.r (https://ajax.googleapis.com/ajax/libs/jquery/1.9.0/jquery.min.js:3:21638)
